<?xml version="1.0" encoding="UTF-8"?>
<!-- Generated by org.testng.reporters.JUnitReportReporter -->
<testsuite hostname="LAPTOP-R5NV1QLO" failures="0" tests="1" name="Excel.April15Excelhome.FirstTest" time="0.958" errors="0" timestamp="2022-04-15T15:01:17 EDT" skipped="0">
  <testcase classname="Excel.April15Excelhome.FirstTest" name="home" time="0.958"/>
  <system-out/>
</testsuite> <!-- Excel.April15Excelhome.FirstTest -->
